CRITICAL - 2021-04-01 09:09:49 --> Cannot modify header information - headers already sent by (output started at G:\programming\CodeIgniter4\certismedia-api\public\index.php:5)
#0 [internal function]: CodeIgniter\Debug\Exceptions->errorHandler(2, 'Cannot modify h...', 'G:\\programming\\...', 8, Array)
#1 G:\programming\CodeIgniter4\certismedia-api\app\Controllers\Authentication.php(8): header('Access-Control-...')
#2 G:\programming\CodeIgniter4\certismedia-api\vendor\codeigniter4\framework\system\Router\Router.php(562): include_once('G:\\programming\\...')
#3 G:\programming\CodeIgniter4\certismedia-api\vendor\codeigniter4\framework\system\Router\Router.php(170): CodeIgniter\Router\Router->autoRoute('Authentication/...')
#4 G:\programming\CodeIgniter4\certismedia-api\vendor\codeigniter4\framework\system\CodeIgniter.php(816): CodeIgniter\Router\Router->handle('Authentication/...')
#5 G:\programming\CodeIgniter4\certismedia-api\vendor\codeigniter4\framework\system\CodeIgniter.php(385): CodeIgniter\CodeIgniter->tryToRouteIt(Object(CodeIgniter\Router\RouteCollection))
#6 G:\programming\CodeIgniter4\certismedia-api\vendor\codeigniter4\framework\system\CodeIgniter.php(333): CodeIgniter\CodeIgniter->handleRequest(NULL, Object(Config\Cache), false)
#7 G:\programming\CodeIgniter4\certismedia-api\public\index.php(50): CodeIgniter\CodeIgniter->run()
#8 {main}
ERROR - 2021-04-01 09:41:02 --> mysqli_sql_exception: Unknown column 'completed_view' in 'field list' in G:\programming\CodeIgniter4\certismedia-api\vendor\codeigniter4\framework\system\Database\MySQLi\Connection.php:314
Stack trace:
#0 G:\programming\CodeIgniter4\certismedia-api\vendor\codeigniter4\framework\system\Database\MySQLi\Connection.php(314): mysqli->query('INSERT INTO `re...')
#1 G:\programming\CodeIgniter4\certismedia-api\vendor\codeigniter4\framework\system\Database\BaseConnection.php(713): CodeIgniter\Database\MySQLi\Connection->execute('INSERT INTO `re...')
#2 G:\programming\CodeIgniter4\certismedia-api\vendor\codeigniter4\framework\system\Database\BaseConnection.php(641): CodeIgniter\Database\BaseConnection->simpleQuery('INSERT INTO `re...')
#3 G:\programming\CodeIgniter4\certismedia-api\vendor\codeigniter4\framework\system\Database\BaseBuilder.php(2107): CodeIgniter\Database\BaseConnection->query('INSERT INTO `re...', Array, false)
#4 G:\programming\CodeIgniter4\certismedia-api\vendor\codeigniter4\framework\system\Model.php(323): CodeIgniter\Database\BaseBuilder->insertBatch(Array, NULL, 100)
#5 G:\programming\CodeIgniter4\certismedia-api\vendor\codeigniter4\framework\system\BaseModel.php(843): CodeIgniter\Model->doInsertBatch(Array, NULL, 100, false)
#6 G:\programming\CodeIgniter4\certismedia-api\app\Controllers\Reporting.php(99): CodeIgniter\BaseModel->insertBatch(Array)
#7 G:\programming\CodeIgniter4\certismedia-api\vendor\codeigniter4\framework\system\CodeIgniter.php(936): App\Controllers\Reporting->fetchFromAPI('cm1056@certisme...', 'hJm45?dFe')
#8 G:\programming\CodeIgniter4\certismedia-api\vendor\codeigniter4\framework\system\CodeIgniter.php(432): CodeIgniter\CodeIgniter->runController(Object(App\Controllers\Reporting))
#9 G:\programming\CodeIgniter4\certismedia-api\vendor\codeigniter4\framework\system\CodeIgniter.php(333): CodeIgniter\CodeIgniter->handleRequest(NULL, Object(Config\Cache), false)
#10 G:\programming\CodeIgniter4\certismedia-api\public\index.php(51): CodeIgniter\CodeIgniter->run()
#11 {main}
ERROR - 2021-04-01 09:44:00 --> mysqli_sql_exception: Unknown column 'completed_view' in 'field list' in G:\programming\CodeIgniter4\certismedia-api\vendor\codeigniter4\framework\system\Database\MySQLi\Connection.php:314
Stack trace:
#0 G:\programming\CodeIgniter4\certismedia-api\vendor\codeigniter4\framework\system\Database\MySQLi\Connection.php(314): mysqli->query('INSERT INTO `re...')
#1 G:\programming\CodeIgniter4\certismedia-api\vendor\codeigniter4\framework\system\Database\BaseConnection.php(713): CodeIgniter\Database\MySQLi\Connection->execute('INSERT INTO `re...')
#2 G:\programming\CodeIgniter4\certismedia-api\vendor\codeigniter4\framework\system\Database\BaseConnection.php(641): CodeIgniter\Database\BaseConnection->simpleQuery('INSERT INTO `re...')
#3 G:\programming\CodeIgniter4\certismedia-api\vendor\codeigniter4\framework\system\Database\BaseBuilder.php(2107): CodeIgniter\Database\BaseConnection->query('INSERT INTO `re...', Array, false)
#4 G:\programming\CodeIgniter4\certismedia-api\vendor\codeigniter4\framework\system\Model.php(323): CodeIgniter\Database\BaseBuilder->insertBatch(Array, NULL, 100)
#5 G:\programming\CodeIgniter4\certismedia-api\vendor\codeigniter4\framework\system\BaseModel.php(843): CodeIgniter\Model->doInsertBatch(Array, NULL, 100, false)
#6 G:\programming\CodeIgniter4\certismedia-api\app\Controllers\Reporting.php(99): CodeIgniter\BaseModel->insertBatch(Array)
#7 G:\programming\CodeIgniter4\certismedia-api\vendor\codeigniter4\framework\system\CodeIgniter.php(936): App\Controllers\Reporting->fetchFromAPI('cm1056@certisme...', 'hJm45?dFe')
#8 G:\programming\CodeIgniter4\certismedia-api\vendor\codeigniter4\framework\system\CodeIgniter.php(432): CodeIgniter\CodeIgniter->runController(Object(App\Controllers\Reporting))
#9 G:\programming\CodeIgniter4\certismedia-api\vendor\codeigniter4\framework\system\CodeIgniter.php(333): CodeIgniter\CodeIgniter->handleRequest(NULL, Object(Config\Cache), false)
#10 G:\programming\CodeIgniter4\certismedia-api\public\index.php(51): CodeIgniter\CodeIgniter->run()
#11 {main}
ERROR - 2021-04-01 09:46:49 --> mysqli_sql_exception: Unknown column 'completed_view' in 'field list' in G:\programming\CodeIgniter4\certismedia-api\vendor\codeigniter4\framework\system\Database\MySQLi\Connection.php:314
Stack trace:
#0 G:\programming\CodeIgniter4\certismedia-api\vendor\codeigniter4\framework\system\Database\MySQLi\Connection.php(314): mysqli->query('INSERT INTO `re...')
#1 G:\programming\CodeIgniter4\certismedia-api\vendor\codeigniter4\framework\system\Database\BaseConnection.php(713): CodeIgniter\Database\MySQLi\Connection->execute('INSERT INTO `re...')
#2 G:\programming\CodeIgniter4\certismedia-api\vendor\codeigniter4\framework\system\Database\BaseConnection.php(641): CodeIgniter\Database\BaseConnection->simpleQuery('INSERT INTO `re...')
#3 G:\programming\CodeIgniter4\certismedia-api\vendor\codeigniter4\framework\system\Database\BaseBuilder.php(2107): CodeIgniter\Database\BaseConnection->query('INSERT INTO `re...', Array, false)
#4 G:\programming\CodeIgniter4\certismedia-api\vendor\codeigniter4\framework\system\Model.php(323): CodeIgniter\Database\BaseBuilder->insertBatch(Array, NULL, 100)
#5 G:\programming\CodeIgniter4\certismedia-api\vendor\codeigniter4\framework\system\BaseModel.php(843): CodeIgniter\Model->doInsertBatch(Array, NULL, 100, false)
#6 G:\programming\CodeIgniter4\certismedia-api\app\Controllers\Reporting.php(99): CodeIgniter\BaseModel->insertBatch(Array)
#7 G:\programming\CodeIgniter4\certismedia-api\vendor\codeigniter4\framework\system\CodeIgniter.php(936): App\Controllers\Reporting->fetchFromAPI('cm1056@certisme...', 'hJm45?dFe')
#8 G:\programming\CodeIgniter4\certismedia-api\vendor\codeigniter4\framework\system\CodeIgniter.php(432): CodeIgniter\CodeIgniter->runController(Object(App\Controllers\Reporting))
#9 G:\programming\CodeIgniter4\certismedia-api\vendor\codeigniter4\framework\system\CodeIgniter.php(333): CodeIgniter\CodeIgniter->handleRequest(NULL, Object(Config\Cache), false)
#10 G:\programming\CodeIgniter4\certismedia-api\public\index.php(51): CodeIgniter\CodeIgniter->run()
#11 {main}
ERROR - 2021-04-01 09:50:56 --> mysqli_sql_exception: Unknown column 'view' in 'field list' in G:\programming\CodeIgniter4\certismedia-api\vendor\codeigniter4\framework\system\Database\MySQLi\Connection.php:314
Stack trace:
#0 G:\programming\CodeIgniter4\certismedia-api\vendor\codeigniter4\framework\system\Database\MySQLi\Connection.php(314): mysqli->query('INSERT INTO `re...')
#1 G:\programming\CodeIgniter4\certismedia-api\vendor\codeigniter4\framework\system\Database\BaseConnection.php(713): CodeIgniter\Database\MySQLi\Connection->execute('INSERT INTO `re...')
#2 G:\programming\CodeIgniter4\certismedia-api\vendor\codeigniter4\framework\system\Database\BaseConnection.php(641): CodeIgniter\Database\BaseConnection->simpleQuery('INSERT INTO `re...')
#3 G:\programming\CodeIgniter4\certismedia-api\vendor\codeigniter4\framework\system\Database\BaseBuilder.php(2263): CodeIgniter\Database\BaseConnection->query('INSERT INTO `re...', Array, false)
#4 G:\programming\CodeIgniter4\certismedia-api\vendor\codeigniter4\framework\system\Model.php(278): CodeIgniter\Database\BaseBuilder->insert()
#5 G:\programming\CodeIgniter4\certismedia-api\vendor\codeigniter4\framework\system\BaseModel.php(758): CodeIgniter\Model->doInsert(Array)
#6 G:\programming\CodeIgniter4\certismedia-api\vendor\codeigniter4\framework\system\Model.php(705): CodeIgniter\BaseModel->insert(Array, true)
#7 G:\programming\CodeIgniter4\certismedia-api\app\Controllers\Reporting.php(65): CodeIgniter\Model->insert(Array)
#8 G:\programming\CodeIgniter4\certismedia-api\vendor\codeigniter4\framework\system\CodeIgniter.php(936): App\Controllers\Reporting->fetchFromAPI('cm1056@certisme...', 'hJm45?dFe')
#9 G:\programming\CodeIgniter4\certismedia-api\vendor\codeigniter4\framework\system\CodeIgniter.php(432): CodeIgniter\CodeIgniter->runController(Object(App\Controllers\Reporting))
#10 G:\programming\CodeIgniter4\certismedia-api\vendor\codeigniter4\framework\system\CodeIgniter.php(333): CodeIgniter\CodeIgniter->handleRequest(NULL, Object(Config\Cache), false)
#11 G:\programming\CodeIgniter4\certismedia-api\public\index.php(51): CodeIgniter\CodeIgniter->run()
#12 {main}
ERROR - 2021-04-01 09:51:10 --> mysqli_sql_exception: Unknown column 'view' in 'field list' in G:\programming\CodeIgniter4\certismedia-api\vendor\codeigniter4\framework\system\Database\MySQLi\Connection.php:314
Stack trace:
#0 G:\programming\CodeIgniter4\certismedia-api\vendor\codeigniter4\framework\system\Database\MySQLi\Connection.php(314): mysqli->query('INSERT INTO `re...')
#1 G:\programming\CodeIgniter4\certismedia-api\vendor\codeigniter4\framework\system\Database\BaseConnection.php(713): CodeIgniter\Database\MySQLi\Connection->execute('INSERT INTO `re...')
#2 G:\programming\CodeIgniter4\certismedia-api\vendor\codeigniter4\framework\system\Database\BaseConnection.php(641): CodeIgniter\Database\BaseConnection->simpleQuery('INSERT INTO `re...')
#3 G:\programming\CodeIgniter4\certismedia-api\vendor\codeigniter4\framework\system\Database\BaseBuilder.php(2263): CodeIgniter\Database\BaseConnection->query('INSERT INTO `re...', Array, false)
#4 G:\programming\CodeIgniter4\certismedia-api\vendor\codeigniter4\framework\system\Model.php(278): CodeIgniter\Database\BaseBuilder->insert()
#5 G:\programming\CodeIgniter4\certismedia-api\vendor\codeigniter4\framework\system\BaseModel.php(758): CodeIgniter\Model->doInsert(Array)
#6 G:\programming\CodeIgniter4\certismedia-api\vendor\codeigniter4\framework\system\Model.php(705): CodeIgniter\BaseModel->insert(Array, true)
#7 G:\programming\CodeIgniter4\certismedia-api\app\Controllers\Reporting.php(65): CodeIgniter\Model->insert(Array)
#8 G:\programming\CodeIgniter4\certismedia-api\vendor\codeigniter4\framework\system\CodeIgniter.php(936): App\Controllers\Reporting->fetchFromAPI('cm1056@certisme...', 'hJm45?dFe')
#9 G:\programming\CodeIgniter4\certismedia-api\vendor\codeigniter4\framework\system\CodeIgniter.php(432): CodeIgniter\CodeIgniter->runController(Object(App\Controllers\Reporting))
#10 G:\programming\CodeIgniter4\certismedia-api\vendor\codeigniter4\framework\system\CodeIgniter.php(333): CodeIgniter\CodeIgniter->handleRequest(NULL, Object(Config\Cache), false)
#11 G:\programming\CodeIgniter4\certismedia-api\public\index.php(51): CodeIgniter\CodeIgniter->run()
#12 {main}
ERROR - 2021-04-01 09:52:45 --> mysqli_sql_exception: Unknown column 'view' in 'field list' in G:\programming\CodeIgniter4\certismedia-api\vendor\codeigniter4\framework\system\Database\MySQLi\Connection.php:314
Stack trace:
#0 G:\programming\CodeIgniter4\certismedia-api\vendor\codeigniter4\framework\system\Database\MySQLi\Connection.php(314): mysqli->query('INSERT INTO `re...')
#1 G:\programming\CodeIgniter4\certismedia-api\vendor\codeigniter4\framework\system\Database\BaseConnection.php(713): CodeIgniter\Database\MySQLi\Connection->execute('INSERT INTO `re...')
#2 G:\programming\CodeIgniter4\certismedia-api\vendor\codeigniter4\framework\system\Database\BaseConnection.php(641): CodeIgniter\Database\BaseConnection->simpleQuery('INSERT INTO `re...')
#3 G:\programming\CodeIgniter4\certismedia-api\vendor\codeigniter4\framework\system\Database\BaseBuilder.php(2263): CodeIgniter\Database\BaseConnection->query('INSERT INTO `re...', Array, false)
#4 G:\programming\CodeIgniter4\certismedia-api\vendor\codeigniter4\framework\system\Model.php(278): CodeIgniter\Database\BaseBuilder->insert()
#5 G:\programming\CodeIgniter4\certismedia-api\vendor\codeigniter4\framework\system\BaseModel.php(758): CodeIgniter\Model->doInsert(Array)
#6 G:\programming\CodeIgniter4\certismedia-api\vendor\codeigniter4\framework\system\Model.php(705): CodeIgniter\BaseModel->insert(Array, true)
#7 G:\programming\CodeIgniter4\certismedia-api\app\Controllers\Reporting.php(65): CodeIgniter\Model->insert(Array)
#8 G:\programming\CodeIgniter4\certismedia-api\vendor\codeigniter4\framework\system\CodeIgniter.php(936): App\Controllers\Reporting->fetchFromAPI('cm1056@certisme...', 'hJm45?dFe')
#9 G:\programming\CodeIgniter4\certismedia-api\vendor\codeigniter4\framework\system\CodeIgniter.php(432): CodeIgniter\CodeIgniter->runController(Object(App\Controllers\Reporting))
#10 G:\programming\CodeIgniter4\certismedia-api\vendor\codeigniter4\framework\system\CodeIgniter.php(333): CodeIgniter\CodeIgniter->handleRequest(NULL, Object(Config\Cache), false)
#11 G:\programming\CodeIgniter4\certismedia-api\public\index.php(51): CodeIgniter\CodeIgniter->run()
#12 {main}
ERROR - 2021-04-01 09:53:16 --> mysqli_sql_exception: Unknown column 'view' in 'field list' in G:\programming\CodeIgniter4\certismedia-api\vendor\codeigniter4\framework\system\Database\MySQLi\Connection.php:314
Stack trace:
#0 G:\programming\CodeIgniter4\certismedia-api\vendor\codeigniter4\framework\system\Database\MySQLi\Connection.php(314): mysqli->query('INSERT INTO `re...')
#1 G:\programming\CodeIgniter4\certismedia-api\vendor\codeigniter4\framework\system\Database\BaseConnection.php(713): CodeIgniter\Database\MySQLi\Connection->execute('INSERT INTO `re...')
#2 G:\programming\CodeIgniter4\certismedia-api\vendor\codeigniter4\framework\system\Database\BaseConnection.php(641): CodeIgniter\Database\BaseConnection->simpleQuery('INSERT INTO `re...')
#3 G:\programming\CodeIgniter4\certismedia-api\vendor\codeigniter4\framework\system\Database\BaseBuilder.php(2263): CodeIgniter\Database\BaseConnection->query('INSERT INTO `re...', Array, false)
#4 G:\programming\CodeIgniter4\certismedia-api\vendor\codeigniter4\framework\system\Model.php(278): CodeIgniter\Database\BaseBuilder->insert()
#5 G:\programming\CodeIgniter4\certismedia-api\vendor\codeigniter4\framework\system\BaseModel.php(758): CodeIgniter\Model->doInsert(Array)
#6 G:\programming\CodeIgniter4\certismedia-api\vendor\codeigniter4\framework\system\Model.php(705): CodeIgniter\BaseModel->insert(Array, true)
#7 G:\programming\CodeIgniter4\certismedia-api\app\Controllers\Reporting.php(65): CodeIgniter\Model->insert(Array)
#8 G:\programming\CodeIgniter4\certismedia-api\vendor\codeigniter4\framework\system\CodeIgniter.php(936): App\Controllers\Reporting->fetchFromAPI('cm1056@certisme...', 'hJm45?dFe')
#9 G:\programming\CodeIgniter4\certismedia-api\vendor\codeigniter4\framework\system\CodeIgniter.php(432): CodeIgniter\CodeIgniter->runController(Object(App\Controllers\Reporting))
#10 G:\programming\CodeIgniter4\certismedia-api\vendor\codeigniter4\framework\system\CodeIgniter.php(333): CodeIgniter\CodeIgniter->handleRequest(NULL, Object(Config\Cache), false)
#11 G:\programming\CodeIgniter4\certismedia-api\public\index.php(51): CodeIgniter\CodeIgniter->run()
#12 {main}
ERROR - 2021-04-01 09:55:55 --> mysqli_sql_exception: Unknown column 'view' in 'field list' in G:\programming\CodeIgniter4\certismedia-api\vendor\codeigniter4\framework\system\Database\MySQLi\Connection.php:314
Stack trace:
#0 G:\programming\CodeIgniter4\certismedia-api\vendor\codeigniter4\framework\system\Database\MySQLi\Connection.php(314): mysqli->query('INSERT INTO `re...')
#1 G:\programming\CodeIgniter4\certismedia-api\vendor\codeigniter4\framework\system\Database\BaseConnection.php(713): CodeIgniter\Database\MySQLi\Connection->execute('INSERT INTO `re...')
#2 G:\programming\CodeIgniter4\certismedia-api\vendor\codeigniter4\framework\system\Database\BaseConnection.php(641): CodeIgniter\Database\BaseConnection->simpleQuery('INSERT INTO `re...')
#3 G:\programming\CodeIgniter4\certismedia-api\vendor\codeigniter4\framework\system\Database\BaseBuilder.php(2263): CodeIgniter\Database\BaseConnection->query('INSERT INTO `re...', Array, false)
#4 G:\programming\CodeIgniter4\certismedia-api\vendor\codeigniter4\framework\system\Model.php(278): CodeIgniter\Database\BaseBuilder->insert()
#5 G:\programming\CodeIgniter4\certismedia-api\vendor\codeigniter4\framework\system\BaseModel.php(758): CodeIgniter\Model->doInsert(Array)
#6 G:\programming\CodeIgniter4\certismedia-api\vendor\codeigniter4\framework\system\Model.php(705): CodeIgniter\BaseModel->insert(Array, true)
#7 G:\programming\CodeIgniter4\certismedia-api\app\Controllers\Reporting.php(65): CodeIgniter\Model->insert(Array)
#8 G:\programming\CodeIgniter4\certismedia-api\vendor\codeigniter4\framework\system\CodeIgniter.php(936): App\Controllers\Reporting->fetchFromAPI('cm1056@certisme...', 'hJm45?dFe')
#9 G:\programming\CodeIgniter4\certismedia-api\vendor\codeigniter4\framework\system\CodeIgniter.php(432): CodeIgniter\CodeIgniter->runController(Object(App\Controllers\Reporting))
#10 G:\programming\CodeIgniter4\certismedia-api\vendor\codeigniter4\framework\system\CodeIgniter.php(333): CodeIgniter\CodeIgniter->handleRequest(NULL, Object(Config\Cache), false)
#11 G:\programming\CodeIgniter4\certismedia-api\public\index.php(51): CodeIgniter\CodeIgniter->run()
#12 {main}
ERROR - 2021-04-01 09:56:38 --> mysqli_sql_exception: Unknown column 'view' in 'field list' in G:\programming\CodeIgniter4\certismedia-api\vendor\codeigniter4\framework\system\Database\MySQLi\Connection.php:314
Stack trace:
#0 G:\programming\CodeIgniter4\certismedia-api\vendor\codeigniter4\framework\system\Database\MySQLi\Connection.php(314): mysqli->query('INSERT INTO `re...')
#1 G:\programming\CodeIgniter4\certismedia-api\vendor\codeigniter4\framework\system\Database\BaseConnection.php(713): CodeIgniter\Database\MySQLi\Connection->execute('INSERT INTO `re...')
#2 G:\programming\CodeIgniter4\certismedia-api\vendor\codeigniter4\framework\system\Database\BaseConnection.php(641): CodeIgniter\Database\BaseConnection->simpleQuery('INSERT INTO `re...')
#3 G:\programming\CodeIgniter4\certismedia-api\vendor\codeigniter4\framework\system\Database\BaseBuilder.php(2263): CodeIgniter\Database\BaseConnection->query('INSERT INTO `re...', Array, false)
#4 G:\programming\CodeIgniter4\certismedia-api\vendor\codeigniter4\framework\system\Model.php(278): CodeIgniter\Database\BaseBuilder->insert()
#5 G:\programming\CodeIgniter4\certismedia-api\vendor\codeigniter4\framework\system\BaseModel.php(758): CodeIgniter\Model->doInsert(Array)
#6 G:\programming\CodeIgniter4\certismedia-api\vendor\codeigniter4\framework\system\Model.php(705): CodeIgniter\BaseModel->insert(Array, true)
#7 G:\programming\CodeIgniter4\certismedia-api\app\Controllers\Reporting.php(65): CodeIgniter\Model->insert(Array)
#8 G:\programming\CodeIgniter4\certismedia-api\vendor\codeigniter4\framework\system\CodeIgniter.php(936): App\Controllers\Reporting->fetchFromAPI('cm1056@certisme...', 'hJm45?dFe')
#9 G:\programming\CodeIgniter4\certismedia-api\vendor\codeigniter4\framework\system\CodeIgniter.php(432): CodeIgniter\CodeIgniter->runController(Object(App\Controllers\Reporting))
#10 G:\programming\CodeIgniter4\certismedia-api\vendor\codeigniter4\framework\system\CodeIgniter.php(333): CodeIgniter\CodeIgniter->handleRequest(NULL, Object(Config\Cache), false)
#11 G:\programming\CodeIgniter4\certismedia-api\public\index.php(51): CodeIgniter\CodeIgniter->run()
#12 {main}
CRITICAL - 2021-04-01 09:57:27 --> There is no data to insert.
#0 G:\programming\CodeIgniter4\certismedia-api\vendor\codeigniter4\framework\system\BaseModel.php(1682): CodeIgniter\Database\Exceptions\DataException::forEmptyDataset('insert')
#1 G:\programming\CodeIgniter4\certismedia-api\vendor\codeigniter4\framework\system\BaseModel.php(719): CodeIgniter\BaseModel->transformDataToArray(Array, 'insert')
#2 G:\programming\CodeIgniter4\certismedia-api\vendor\codeigniter4\framework\system\Model.php(705): CodeIgniter\BaseModel->insert(Array, true)
#3 G:\programming\CodeIgniter4\certismedia-api\app\Controllers\Reporting.php(65): CodeIgniter\Model->insert(Array)
#4 G:\programming\CodeIgniter4\certismedia-api\vendor\codeigniter4\framework\system\CodeIgniter.php(936): App\Controllers\Reporting->fetchFromAPI('cm1056@certisme...', 'hJm45?dFe')
#5 G:\programming\CodeIgniter4\certismedia-api\vendor\codeigniter4\framework\system\CodeIgniter.php(432): CodeIgniter\CodeIgniter->runController(Object(App\Controllers\Reporting))
#6 G:\programming\CodeIgniter4\certismedia-api\vendor\codeigniter4\framework\system\CodeIgniter.php(333): CodeIgniter\CodeIgniter->handleRequest(NULL, Object(Config\Cache), false)
#7 G:\programming\CodeIgniter4\certismedia-api\public\index.php(51): CodeIgniter\CodeIgniter->run()
#8 {main}
