CRITICAL - 2021-04-13 11:42:52 --> 22 : The requested URL returned error: 401
#0 /Users/mohammadsulthan/Projects/certismedia-api/vendor/codeigniter4/framework/system/HTTP/CURLRequest.php(805): CodeIgniter\HTTP\Exceptions\HTTPException::forCurlError('22', 'The requested U...')
#1 /Users/mohammadsulthan/Projects/certismedia-api/vendor/codeigniter4/framework/system/HTTP/CURLRequest.php(418): CodeIgniter\HTTP\CURLRequest->sendRequest(Array)
#2 /Users/mohammadsulthan/Projects/certismedia-api/vendor/codeigniter4/framework/system/HTTP/CURLRequest.php(127): CodeIgniter\HTTP\CURLRequest->send('GET', 'https://reporti...')
#3 /Users/mohammadsulthan/Projects/certismedia-api/app/Controllers/Dashboard.php(45): CodeIgniter\HTTP\CURLRequest->request('GET', 'https://reporti...', Array)
#4 /Users/mohammadsulthan/Projects/certismedia-api/vendor/codeigniter4/framework/system/CodeIgniter.php(936): App\Controllers\Dashboard->fetchFromAPI('1')
#5 /Users/mohammadsulthan/Projects/certismedia-api/vendor/codeigniter4/framework/system/CodeIgniter.php(432): CodeIgniter\CodeIgniter->runController(Object(App\Controllers\Dashboard))
#6 /Users/mohammadsulthan/Projects/certismedia-api/vendor/codeigniter4/framework/system/CodeIgniter.php(333): CodeIgniter\CodeIgniter->handleRequest(NULL, Object(Config\Cache), false)
#7 /Users/mohammadsulthan/Projects/certismedia-api/public/index.php(50): CodeIgniter\CodeIgniter->run()
#8 /Users/mohammadsulthan/Projects/certismedia-api/vendor/codeigniter4/framework/system/Commands/Server/rewrite.php(45): require_once('/Users/mohammad...')
#9 {main}
CRITICAL - 2021-04-13 11:44:25 --> 22 : The requested URL returned error: 401
#0 /Users/mohammadsulthan/Projects/certismedia-api/vendor/codeigniter4/framework/system/HTTP/CURLRequest.php(805): CodeIgniter\HTTP\Exceptions\HTTPException::forCurlError('22', 'The requested U...')
#1 /Users/mohammadsulthan/Projects/certismedia-api/vendor/codeigniter4/framework/system/HTTP/CURLRequest.php(418): CodeIgniter\HTTP\CURLRequest->sendRequest(Array)
#2 /Users/mohammadsulthan/Projects/certismedia-api/vendor/codeigniter4/framework/system/HTTP/CURLRequest.php(127): CodeIgniter\HTTP\CURLRequest->send('GET', 'https://reporti...')
#3 /Users/mohammadsulthan/Projects/certismedia-api/app/Controllers/Dashboard.php(46): CodeIgniter\HTTP\CURLRequest->request('GET', 'https://reporti...', Array)
#4 /Users/mohammadsulthan/Projects/certismedia-api/vendor/codeigniter4/framework/system/CodeIgniter.php(936): App\Controllers\Dashboard->fetchFromAPI('1')
#5 /Users/mohammadsulthan/Projects/certismedia-api/vendor/codeigniter4/framework/system/CodeIgniter.php(432): CodeIgniter\CodeIgniter->runController(Object(App\Controllers\Dashboard))
#6 /Users/mohammadsulthan/Projects/certismedia-api/vendor/codeigniter4/framework/system/CodeIgniter.php(333): CodeIgniter\CodeIgniter->handleRequest(NULL, Object(Config\Cache), false)
#7 /Users/mohammadsulthan/Projects/certismedia-api/public/index.php(50): CodeIgniter\CodeIgniter->run()
#8 /Users/mohammadsulthan/Projects/certismedia-api/vendor/codeigniter4/framework/system/Commands/Server/rewrite.php(45): require_once('/Users/mohammad...')
#9 {main}
CRITICAL - 2021-04-13 11:44:51 --> 22 : The requested URL returned error: 401
#0 /Users/mohammadsulthan/Projects/certismedia-api/vendor/codeigniter4/framework/system/HTTP/CURLRequest.php(805): CodeIgniter\HTTP\Exceptions\HTTPException::forCurlError('22', 'The requested U...')
#1 /Users/mohammadsulthan/Projects/certismedia-api/vendor/codeigniter4/framework/system/HTTP/CURLRequest.php(418): CodeIgniter\HTTP\CURLRequest->sendRequest(Array)
#2 /Users/mohammadsulthan/Projects/certismedia-api/vendor/codeigniter4/framework/system/HTTP/CURLRequest.php(127): CodeIgniter\HTTP\CURLRequest->send('GET', 'https://reporti...')
#3 /Users/mohammadsulthan/Projects/certismedia-api/app/Controllers/Dashboard.php(46): CodeIgniter\HTTP\CURLRequest->request('GET', 'https://reporti...', Array)
#4 /Users/mohammadsulthan/Projects/certismedia-api/vendor/codeigniter4/framework/system/CodeIgniter.php(936): App\Controllers\Dashboard->fetchFromAPI('1')
#5 /Users/mohammadsulthan/Projects/certismedia-api/vendor/codeigniter4/framework/system/CodeIgniter.php(432): CodeIgniter\CodeIgniter->runController(Object(App\Controllers\Dashboard))
#6 /Users/mohammadsulthan/Projects/certismedia-api/vendor/codeigniter4/framework/system/CodeIgniter.php(333): CodeIgniter\CodeIgniter->handleRequest(NULL, Object(Config\Cache), false)
#7 /Users/mohammadsulthan/Projects/certismedia-api/public/index.php(50): CodeIgniter\CodeIgniter->run()
#8 /Users/mohammadsulthan/Projects/certismedia-api/vendor/codeigniter4/framework/system/Commands/Server/rewrite.php(45): require_once('/Users/mohammad...')
#9 {main}
