CRITICAL - 2021-03-17 12:38:43 --> Call to undefined method CodeIgniter\Database\MySQLi\Result::findAll()
#0 /Users/mohammadsulthan/Projects/certismedia-api/vendor/codeigniter4/framework/system/CodeIgniter.php(936): App\Controllers\Reporting->index()
#1 /Users/mohammadsulthan/Projects/certismedia-api/vendor/codeigniter4/framework/system/CodeIgniter.php(432): CodeIgniter\CodeIgniter->runController(Object(App\Controllers\Reporting))
#2 /Users/mohammadsulthan/Projects/certismedia-api/vendor/codeigniter4/framework/system/CodeIgniter.php(333): CodeIgniter\CodeIgniter->handleRequest(NULL, Object(Config\Cache), false)
#3 /Users/mohammadsulthan/Projects/certismedia-api/public/index.php(50): CodeIgniter\CodeIgniter->run()
#4 /Users/mohammadsulthan/Projects/certismedia-api/vendor/codeigniter4/framework/system/Commands/Server/rewrite.php(45): require_once('/Users/mohammad...')
#5 {main}
CRITICAL - 2021-03-17 13:03:38 --> Too few arguments to function App\Models\Reporting_model::getCampaignDetail(), 0 passed in /Users/mohammadsulthan/Projects/certismedia-api/app/Controllers/Reporting.php on line 24 and exactly 1 expected
#0 /Users/mohammadsulthan/Projects/certismedia-api/app/Controllers/Reporting.php(24): App\Models\Reporting_model->getCampaignDetail()
#1 /Users/mohammadsulthan/Projects/certismedia-api/vendor/codeigniter4/framework/system/CodeIgniter.php(936): App\Controllers\Reporting->getCampaignInformation('28881')
#2 /Users/mohammadsulthan/Projects/certismedia-api/vendor/codeigniter4/framework/system/CodeIgniter.php(432): CodeIgniter\CodeIgniter->runController(Object(App\Controllers\Reporting))
#3 /Users/mohammadsulthan/Projects/certismedia-api/vendor/codeigniter4/framework/system/CodeIgniter.php(333): CodeIgniter\CodeIgniter->handleRequest(NULL, Object(Config\Cache), false)
#4 /Users/mohammadsulthan/Projects/certismedia-api/public/index.php(50): CodeIgniter\CodeIgniter->run()
#5 /Users/mohammadsulthan/Projects/certismedia-api/vendor/codeigniter4/framework/system/Commands/Server/rewrite.php(45): require_once('/Users/mohammad...')
#6 {main}
ERROR - 2021-03-17 13:35:03 --> mysqli_sql_exception: You have an error in your SQL syntax; check the manual that corresponds to your MariaDB server version for the right syntax to use near ':id' at line 1 in /Users/mohammadsulthan/Projects/certismedia-api/vendor/codeigniter4/framework/system/Database/MySQLi/Connection.php:314
Stack trace:
#0 /Users/mohammadsulthan/Projects/certismedia-api/vendor/codeigniter4/framework/system/Database/MySQLi/Connection.php(314): mysqli->query('select inventor...')
#1 /Users/mohammadsulthan/Projects/certismedia-api/vendor/codeigniter4/framework/system/Database/BaseConnection.php(713): CodeIgniter\Database\MySQLi\Connection->execute('select inventor...')
#2 /Users/mohammadsulthan/Projects/certismedia-api/vendor/codeigniter4/framework/system/Database/BaseConnection.php(641): CodeIgniter\Database\BaseConnection->simpleQuery('select inventor...')
#3 /Users/mohammadsulthan/Projects/certismedia-api/app/Models/Reporting_model.php(13): CodeIgniter\Database\BaseConnection->query('select inventor...')
#4 /Users/mohammadsulthan/Projects/certismedia-api/app/Controllers/Reporting.php(24): App\Models\Reporting_model->getInventoryName(':id')
#5 /Users/mohammadsulthan/Projects/certismedia-api/vendor/codeigniter4/framework/system/CodeIgniter.php(936): App\Controllers\Reporting->getCampaignInformation(':id')
#6 /Users/mohammadsulthan/Projects/certismedia-api/vendor/codeigniter4/framework/system/CodeIgniter.php(432): CodeIgniter\CodeIgniter->runController(Object(App\Controllers\Reporting))
#7 /Users/mohammadsulthan/Projects/certismedia-api/vendor/codeigniter4/framework/system/CodeIgniter.php(333): CodeIgniter\CodeIgniter->handleRequest(NULL, Object(Config\Cache), false)
#8 /Users/mohammadsulthan/Projects/certismedia-api/public/index.php(50): CodeIgniter\CodeIgniter->run()
#9 /Users/mohammadsulthan/Projects/certismedia-api/vendor/codeigniter4/framework/system/Commands/Server/rewrite.php(45): require_once('/Users/mohammad...')
#10 {main}
ERROR - 2021-03-17 13:35:03 --> mysqli_sql_exception: You have an error in your SQL syntax; check the manual that corresponds to your MariaDB server version for the right syntax to use near ':id' at line 1 in /Users/mohammadsulthan/Projects/certismedia-api/vendor/codeigniter4/framework/system/Database/MySQLi/Connection.php:314
Stack trace:
#0 /Users/mohammadsulthan/Projects/certismedia-api/vendor/codeigniter4/framework/system/Database/MySQLi/Connection.php(314): mysqli->query('select report.*...')
#1 /Users/mohammadsulthan/Projects/certismedia-api/vendor/codeigniter4/framework/system/Database/BaseConnection.php(713): CodeIgniter\Database\MySQLi\Connection->execute('select report.*...')
#2 /Users/mohammadsulthan/Projects/certismedia-api/vendor/codeigniter4/framework/system/Database/BaseConnection.php(641): CodeIgniter\Database\BaseConnection->simpleQuery('select report.*...')
#3 /Users/mohammadsulthan/Projects/certismedia-api/app/Models/Reporting_model.php(19): CodeIgniter\Database\BaseConnection->query('select report.*...')
#4 /Users/mohammadsulthan/Projects/certismedia-api/app/Controllers/Reporting.php(25): App\Models\Reporting_model->getCreativeName(':id')
#5 /Users/mohammadsulthan/Projects/certismedia-api/vendor/codeigniter4/framework/system/CodeIgniter.php(936): App\Controllers\Reporting->getCampaignInformation(':id')
#6 /Users/mohammadsulthan/Projects/certismedia-api/vendor/codeigniter4/framework/system/CodeIgniter.php(432): CodeIgniter\CodeIgniter->runController(Object(App\Controllers\Reporting))
#7 /Users/mohammadsulthan/Projects/certismedia-api/vendor/codeigniter4/framework/system/CodeIgniter.php(333): CodeIgniter\CodeIgniter->handleRequest(NULL, Object(Config\Cache), false)
#8 /Users/mohammadsulthan/Projects/certismedia-api/public/index.php(50): CodeIgniter\CodeIgniter->run()
#9 /Users/mohammadsulthan/Projects/certismedia-api/vendor/codeigniter4/framework/system/Commands/Server/rewrite.php(45): require_once('/Users/mohammad...')
#10 {main}
ERROR - 2021-03-17 13:35:13 --> mysqli_sql_exception: You have an error in your SQL syntax; check the manual that corresponds to your MariaDB server version for the right syntax to use near ':id' at line 1 in /Users/mohammadsulthan/Projects/certismedia-api/vendor/codeigniter4/framework/system/Database/MySQLi/Connection.php:314
Stack trace:
#0 /Users/mohammadsulthan/Projects/certismedia-api/vendor/codeigniter4/framework/system/Database/MySQLi/Connection.php(314): mysqli->query('select inventor...')
#1 /Users/mohammadsulthan/Projects/certismedia-api/vendor/codeigniter4/framework/system/Database/BaseConnection.php(713): CodeIgniter\Database\MySQLi\Connection->execute('select inventor...')
#2 /Users/mohammadsulthan/Projects/certismedia-api/vendor/codeigniter4/framework/system/Database/BaseConnection.php(641): CodeIgniter\Database\BaseConnection->simpleQuery('select inventor...')
#3 /Users/mohammadsulthan/Projects/certismedia-api/app/Models/Reporting_model.php(13): CodeIgniter\Database\BaseConnection->query('select inventor...')
#4 /Users/mohammadsulthan/Projects/certismedia-api/app/Controllers/Reporting.php(24): App\Models\Reporting_model->getInventoryName(':id')
#5 /Users/mohammadsulthan/Projects/certismedia-api/vendor/codeigniter4/framework/system/CodeIgniter.php(936): App\Controllers\Reporting->getCampaignInformation(':id')
#6 /Users/mohammadsulthan/Projects/certismedia-api/vendor/codeigniter4/framework/system/CodeIgniter.php(432): CodeIgniter\CodeIgniter->runController(Object(App\Controllers\Reporting))
#7 /Users/mohammadsulthan/Projects/certismedia-api/vendor/codeigniter4/framework/system/CodeIgniter.php(333): CodeIgniter\CodeIgniter->handleRequest(NULL, Object(Config\Cache), false)
#8 /Users/mohammadsulthan/Projects/certismedia-api/public/index.php(50): CodeIgniter\CodeIgniter->run()
#9 /Users/mohammadsulthan/Projects/certismedia-api/vendor/codeigniter4/framework/system/Commands/Server/rewrite.php(45): require_once('/Users/mohammad...')
#10 {main}
ERROR - 2021-03-17 13:35:13 --> mysqli_sql_exception: You have an error in your SQL syntax; check the manual that corresponds to your MariaDB server version for the right syntax to use near ':id' at line 1 in /Users/mohammadsulthan/Projects/certismedia-api/vendor/codeigniter4/framework/system/Database/MySQLi/Connection.php:314
Stack trace:
#0 /Users/mohammadsulthan/Projects/certismedia-api/vendor/codeigniter4/framework/system/Database/MySQLi/Connection.php(314): mysqli->query('select report.*...')
#1 /Users/mohammadsulthan/Projects/certismedia-api/vendor/codeigniter4/framework/system/Database/BaseConnection.php(713): CodeIgniter\Database\MySQLi\Connection->execute('select report.*...')
#2 /Users/mohammadsulthan/Projects/certismedia-api/vendor/codeigniter4/framework/system/Database/BaseConnection.php(641): CodeIgniter\Database\BaseConnection->simpleQuery('select report.*...')
#3 /Users/mohammadsulthan/Projects/certismedia-api/app/Models/Reporting_model.php(19): CodeIgniter\Database\BaseConnection->query('select report.*...')
#4 /Users/mohammadsulthan/Projects/certismedia-api/app/Controllers/Reporting.php(25): App\Models\Reporting_model->getCreativeName(':id')
#5 /Users/mohammadsulthan/Projects/certismedia-api/vendor/codeigniter4/framework/system/CodeIgniter.php(936): App\Controllers\Reporting->getCampaignInformation(':id')
#6 /Users/mohammadsulthan/Projects/certismedia-api/vendor/codeigniter4/framework/system/CodeIgniter.php(432): CodeIgniter\CodeIgniter->runController(Object(App\Controllers\Reporting))
#7 /Users/mohammadsulthan/Projects/certismedia-api/vendor/codeigniter4/framework/system/CodeIgniter.php(333): CodeIgniter\CodeIgniter->handleRequest(NULL, Object(Config\Cache), false)
#8 /Users/mohammadsulthan/Projects/certismedia-api/public/index.php(50): CodeIgniter\CodeIgniter->run()
#9 /Users/mohammadsulthan/Projects/certismedia-api/vendor/codeigniter4/framework/system/Commands/Server/rewrite.php(45): require_once('/Users/mohammad...')
#10 {main}
