CRITICAL - 2021-03-27 07:11:36 --> Call to undefined method CodeIgniter\HTTP\IncomingRequest::gettJSON()
#0 /Users/mohammadsulthan/Projects/certismedia-api/vendor/codeigniter4/framework/system/CodeIgniter.php(936): App\Controllers\Dashboard->index()
#1 /Users/mohammadsulthan/Projects/certismedia-api/vendor/codeigniter4/framework/system/CodeIgniter.php(432): CodeIgniter\CodeIgniter->runController(Object(App\Controllers\Dashboard))
#2 /Users/mohammadsulthan/Projects/certismedia-api/vendor/codeigniter4/framework/system/CodeIgniter.php(333): CodeIgniter\CodeIgniter->handleRequest(NULL, Object(Config\Cache), false)
#3 /Users/mohammadsulthan/Projects/certismedia-api/public/index.php(50): CodeIgniter\CodeIgniter->run()
#4 /Users/mohammadsulthan/Projects/certismedia-api/vendor/codeigniter4/framework/system/Commands/Server/rewrite.php(45): require_once('/Users/mohammad...')
#5 {main}
ERROR - 2021-03-27 11:19:57 --> mysqli_sql_exception: You have an error in your SQL syntax; check the manual that corresponds to your MariaDB server version for the right syntax to use near ':campaign_id' at line 1 in /Users/mohammadsulthan/Projects/certismedia-api/vendor/codeigniter4/framework/system/Database/MySQLi/Connection.php:314
Stack trace:
#0 /Users/mohammadsulthan/Projects/certismedia-api/vendor/codeigniter4/framework/system/Database/MySQLi/Connection.php(314): mysqli->query('SELECT inventor...')
#1 /Users/mohammadsulthan/Projects/certismedia-api/vendor/codeigniter4/framework/system/Database/BaseConnection.php(713): CodeIgniter\Database\MySQLi\Connection->execute('SELECT inventor...')
#2 /Users/mohammadsulthan/Projects/certismedia-api/vendor/codeigniter4/framework/system/Database/BaseConnection.php(641): CodeIgniter\Database\BaseConnection->simpleQuery('SELECT inventor...')
#3 /Users/mohammadsulthan/Projects/certismedia-api/app/Models/Reporting_model.php(13): CodeIgniter\Database\BaseConnection->query('SELECT inventor...')
#4 /Users/mohammadsulthan/Projects/certismedia-api/app/Controllers/Reporting.php(28): App\Models\Reporting_model->getInventoryName(':campaign_id')
#5 /Users/mohammadsulthan/Projects/certismedia-api/vendor/codeigniter4/framework/system/CodeIgniter.php(936): App\Controllers\Reporting->getCampaignInformation(':campaign_id')
#6 /Users/mohammadsulthan/Projects/certismedia-api/vendor/codeigniter4/framework/system/CodeIgniter.php(432): CodeIgniter\CodeIgniter->runController(Object(App\Controllers\Reporting))
#7 /Users/mohammadsulthan/Projects/certismedia-api/vendor/codeigniter4/framework/system/CodeIgniter.php(333): CodeIgniter\CodeIgniter->handleRequest(NULL, Object(Config\Cache), false)
#8 /Users/mohammadsulthan/Projects/certismedia-api/public/index.php(50): CodeIgniter\CodeIgniter->run()
#9 /Users/mohammadsulthan/Projects/certismedia-api/vendor/codeigniter4/framework/system/Commands/Server/rewrite.php(45): require_once('/Users/mohammad...')
#10 {main}
ERROR - 2021-03-27 11:19:57 --> mysqli_sql_exception: You have an error in your SQL syntax; check the manual that corresponds to your MariaDB server version for the right syntax to use near ':campaign_id' at line 1 in /Users/mohammadsulthan/Projects/certismedia-api/vendor/codeigniter4/framework/system/Database/MySQLi/Connection.php:314
Stack trace:
#0 /Users/mohammadsulthan/Projects/certismedia-api/vendor/codeigniter4/framework/system/Database/MySQLi/Connection.php(314): mysqli->query('SELECT report.*...')
#1 /Users/mohammadsulthan/Projects/certismedia-api/vendor/codeigniter4/framework/system/Database/BaseConnection.php(713): CodeIgniter\Database\MySQLi\Connection->execute('SELECT report.*...')
#2 /Users/mohammadsulthan/Projects/certismedia-api/vendor/codeigniter4/framework/system/Database/BaseConnection.php(641): CodeIgniter\Database\BaseConnection->simpleQuery('SELECT report.*...')
#3 /Users/mohammadsulthan/Projects/certismedia-api/app/Models/Reporting_model.php(19): CodeIgniter\Database\BaseConnection->query('SELECT report.*...')
#4 /Users/mohammadsulthan/Projects/certismedia-api/app/Controllers/Reporting.php(29): App\Models\Reporting_model->getCreativeName(':campaign_id')
#5 /Users/mohammadsulthan/Projects/certismedia-api/vendor/codeigniter4/framework/system/CodeIgniter.php(936): App\Controllers\Reporting->getCampaignInformation(':campaign_id')
#6 /Users/mohammadsulthan/Projects/certismedia-api/vendor/codeigniter4/framework/system/CodeIgniter.php(432): CodeIgniter\CodeIgniter->runController(Object(App\Controllers\Reporting))
#7 /Users/mohammadsulthan/Projects/certismedia-api/vendor/codeigniter4/framework/system/CodeIgniter.php(333): CodeIgniter\CodeIgniter->handleRequest(NULL, Object(Config\Cache), false)
#8 /Users/mohammadsulthan/Projects/certismedia-api/public/index.php(50): CodeIgniter\CodeIgniter->run()
#9 /Users/mohammadsulthan/Projects/certismedia-api/vendor/codeigniter4/framework/system/Commands/Server/rewrite.php(45): require_once('/Users/mohammad...')
#10 {main}
ERROR - 2021-03-27 11:19:57 --> mysqli_sql_exception: You have an error in your SQL syntax; check the manual that corresponds to your MariaDB server version for the right syntax to use near ':campaign_id' at line 1 in /Users/mohammadsulthan/Projects/certismedia-api/vendor/codeigniter4/framework/system/Database/MySQLi/Connection.php:314
Stack trace:
#0 /Users/mohammadsulthan/Projects/certismedia-api/vendor/codeigniter4/framework/system/Database/MySQLi/Connection.php(314): mysqli->query('SELECT * from d...')
#1 /Users/mohammadsulthan/Projects/certismedia-api/vendor/codeigniter4/framework/system/Database/BaseConnection.php(713): CodeIgniter\Database\MySQLi\Connection->execute('SELECT * from d...')
#2 /Users/mohammadsulthan/Projects/certismedia-api/vendor/codeigniter4/framework/system/Database/BaseConnection.php(641): CodeIgniter\Database\BaseConnection->simpleQuery('SELECT * from d...')
#3 /Users/mohammadsulthan/Projects/certismedia-api/app/Models/Reporting_model.php(25): CodeIgniter\Database\BaseConnection->query('SELECT * from d...')
#4 /Users/mohammadsulthan/Projects/certismedia-api/app/Controllers/Reporting.php(30): App\Models\Reporting_model->getCampaignInformation(':campaign_id')
#5 /Users/mohammadsulthan/Projects/certismedia-api/vendor/codeigniter4/framework/system/CodeIgniter.php(936): App\Controllers\Reporting->getCampaignInformation(':campaign_id')
#6 /Users/mohammadsulthan/Projects/certismedia-api/vendor/codeigniter4/framework/system/CodeIgniter.php(432): CodeIgniter\CodeIgniter->runController(Object(App\Controllers\Reporting))
#7 /Users/mohammadsulthan/Projects/certismedia-api/vendor/codeigniter4/framework/system/CodeIgniter.php(333): CodeIgniter\CodeIgniter->handleRequest(NULL, Object(Config\Cache), false)
#8 /Users/mohammadsulthan/Projects/certismedia-api/public/index.php(50): CodeIgniter\CodeIgniter->run()
#9 /Users/mohammadsulthan/Projects/certismedia-api/vendor/codeigniter4/framework/system/Commands/Server/rewrite.php(45): require_once('/Users/mohammad...')
#10 {main}
ERROR - 2021-03-27 11:19:57 --> mysqli_sql_exception: You have an error in your SQL syntax; check the manual that corresponds to your MariaDB server version for the right syntax to use near ':campaign_id GROUP BY exchange_name' at line 1 in /Users/mohammadsulthan/Projects/certismedia-api/vendor/codeigniter4/framework/system/Database/MySQLi/Connection.php:314
Stack trace:
#0 /Users/mohammadsulthan/Projects/certismedia-api/vendor/codeigniter4/framework/system/Database/MySQLi/Connection.php(314): mysqli->query('SELECT exchange...')
#1 /Users/mohammadsulthan/Projects/certismedia-api/vendor/codeigniter4/framework/system/Database/BaseConnection.php(713): CodeIgniter\Database\MySQLi\Connection->execute('SELECT exchange...')
#2 /Users/mohammadsulthan/Projects/certismedia-api/vendor/codeigniter4/framework/system/Database/BaseConnection.php(641): CodeIgniter\Database\BaseConnection->simpleQuery('SELECT exchange...')
#3 /Users/mohammadsulthan/Projects/certismedia-api/app/Models/Reporting_model.php(31): CodeIgniter\Database\BaseConnection->query('SELECT exchange...')
#4 /Users/mohammadsulthan/Projects/certismedia-api/app/Controllers/Reporting.php(31): App\Models\Reporting_model->getExchangeName(':campaign_id')
#5 /Users/mohammadsulthan/Projects/certismedia-api/vendor/codeigniter4/framework/system/CodeIgniter.php(936): App\Controllers\Reporting->getCampaignInformation(':campaign_id')
#6 /Users/mohammadsulthan/Projects/certismedia-api/vendor/codeigniter4/framework/system/CodeIgniter.php(432): CodeIgniter\CodeIgniter->runController(Object(App\Controllers\Reporting))
#7 /Users/mohammadsulthan/Projects/certismedia-api/vendor/codeigniter4/framework/system/CodeIgniter.php(333): CodeIgniter\CodeIgniter->handleRequest(NULL, Object(Config\Cache), false)
#8 /Users/mohammadsulthan/Projects/certismedia-api/public/index.php(50): CodeIgniter\CodeIgniter->run()
#9 /Users/mohammadsulthan/Projects/certismedia-api/vendor/codeigniter4/framework/system/Commands/Server/rewrite.php(45): require_once('/Users/mohammad...')
#10 {main}
ERROR - 2021-03-27 11:19:57 --> mysqli_sql_exception: You have an error in your SQL syntax; check the manual that corresponds to your MariaDB server version for the right syntax to use near ':campaign_id GROUP BY creative_size' at line 1 in /Users/mohammadsulthan/Projects/certismedia-api/vendor/codeigniter4/framework/system/Database/MySQLi/Connection.php:314
Stack trace:
#0 /Users/mohammadsulthan/Projects/certismedia-api/vendor/codeigniter4/framework/system/Database/MySQLi/Connection.php(314): mysqli->query('SELECT creative...')
#1 /Users/mohammadsulthan/Projects/certismedia-api/vendor/codeigniter4/framework/system/Database/BaseConnection.php(713): CodeIgniter\Database\MySQLi\Connection->execute('SELECT creative...')
#2 /Users/mohammadsulthan/Projects/certismedia-api/vendor/codeigniter4/framework/system/Database/BaseConnection.php(641): CodeIgniter\Database\BaseConnection->simpleQuery('SELECT creative...')
#3 /Users/mohammadsulthan/Projects/certismedia-api/app/Models/Reporting_model.php(37): CodeIgniter\Database\BaseConnection->query('SELECT creative...')
#4 /Users/mohammadsulthan/Projects/certismedia-api/app/Controllers/Reporting.php(32): App\Models\Reporting_model->getAdSize(':campaign_id')
#5 /Users/mohammadsulthan/Projects/certismedia-api/vendor/codeigniter4/framework/system/CodeIgniter.php(936): App\Controllers\Reporting->getCampaignInformation(':campaign_id')
#6 /Users/mohammadsulthan/Projects/certismedia-api/vendor/codeigniter4/framework/system/CodeIgniter.php(432): CodeIgniter\CodeIgniter->runController(Object(App\Controllers\Reporting))
#7 /Users/mohammadsulthan/Projects/certismedia-api/vendor/codeigniter4/framework/system/CodeIgniter.php(333): CodeIgniter\CodeIgniter->handleRequest(NULL, Object(Config\Cache), false)
#8 /Users/mohammadsulthan/Projects/certismedia-api/public/index.php(50): CodeIgniter\CodeIgniter->run()
#9 /Users/mohammadsulthan/Projects/certismedia-api/vendor/codeigniter4/framework/system/Commands/Server/rewrite.php(45): require_once('/Users/mohammad...')
#10 {main}
ERROR - 2021-03-27 11:25:43 --> mysqli_sql_exception: You have an error in your SQL syntax; check the manual that corresponds to your MariaDB server version for the right syntax to use near ':campaign_id' at line 1 in /Users/mohammadsulthan/Projects/certismedia-api/vendor/codeigniter4/framework/system/Database/MySQLi/Connection.php:314
Stack trace:
#0 /Users/mohammadsulthan/Projects/certismedia-api/vendor/codeigniter4/framework/system/Database/MySQLi/Connection.php(314): mysqli->query('SELECT inventor...')
#1 /Users/mohammadsulthan/Projects/certismedia-api/vendor/codeigniter4/framework/system/Database/BaseConnection.php(713): CodeIgniter\Database\MySQLi\Connection->execute('SELECT inventor...')
#2 /Users/mohammadsulthan/Projects/certismedia-api/vendor/codeigniter4/framework/system/Database/BaseConnection.php(641): CodeIgniter\Database\BaseConnection->simpleQuery('SELECT inventor...')
#3 /Users/mohammadsulthan/Projects/certismedia-api/app/Models/Reporting_model.php(13): CodeIgniter\Database\BaseConnection->query('SELECT inventor...')
#4 /Users/mohammadsulthan/Projects/certismedia-api/app/Controllers/Reporting.php(28): App\Models\Reporting_model->getInventoryName(':campaign_id')
#5 /Users/mohammadsulthan/Projects/certismedia-api/vendor/codeigniter4/framework/system/CodeIgniter.php(936): App\Controllers\Reporting->getCampaignInformation(':campaign_id')
#6 /Users/mohammadsulthan/Projects/certismedia-api/vendor/codeigniter4/framework/system/CodeIgniter.php(432): CodeIgniter\CodeIgniter->runController(Object(App\Controllers\Reporting))
#7 /Users/mohammadsulthan/Projects/certismedia-api/vendor/codeigniter4/framework/system/CodeIgniter.php(333): CodeIgniter\CodeIgniter->handleRequest(NULL, Object(Config\Cache), false)
#8 /Users/mohammadsulthan/Projects/certismedia-api/public/index.php(50): CodeIgniter\CodeIgniter->run()
#9 /Users/mohammadsulthan/Projects/certismedia-api/vendor/codeigniter4/framework/system/Commands/Server/rewrite.php(45): require_once('/Users/mohammad...')
#10 {main}
ERROR - 2021-03-27 11:25:43 --> mysqli_sql_exception: You have an error in your SQL syntax; check the manual that corresponds to your MariaDB server version for the right syntax to use near ':campaign_id' at line 1 in /Users/mohammadsulthan/Projects/certismedia-api/vendor/codeigniter4/framework/system/Database/MySQLi/Connection.php:314
Stack trace:
#0 /Users/mohammadsulthan/Projects/certismedia-api/vendor/codeigniter4/framework/system/Database/MySQLi/Connection.php(314): mysqli->query('SELECT report.*...')
#1 /Users/mohammadsulthan/Projects/certismedia-api/vendor/codeigniter4/framework/system/Database/BaseConnection.php(713): CodeIgniter\Database\MySQLi\Connection->execute('SELECT report.*...')
#2 /Users/mohammadsulthan/Projects/certismedia-api/vendor/codeigniter4/framework/system/Database/BaseConnection.php(641): CodeIgniter\Database\BaseConnection->simpleQuery('SELECT report.*...')
#3 /Users/mohammadsulthan/Projects/certismedia-api/app/Models/Reporting_model.php(19): CodeIgniter\Database\BaseConnection->query('SELECT report.*...')
#4 /Users/mohammadsulthan/Projects/certismedia-api/app/Controllers/Reporting.php(29): App\Models\Reporting_model->getCreativeName(':campaign_id')
#5 /Users/mohammadsulthan/Projects/certismedia-api/vendor/codeigniter4/framework/system/CodeIgniter.php(936): App\Controllers\Reporting->getCampaignInformation(':campaign_id')
#6 /Users/mohammadsulthan/Projects/certismedia-api/vendor/codeigniter4/framework/system/CodeIgniter.php(432): CodeIgniter\CodeIgniter->runController(Object(App\Controllers\Reporting))
#7 /Users/mohammadsulthan/Projects/certismedia-api/vendor/codeigniter4/framework/system/CodeIgniter.php(333): CodeIgniter\CodeIgniter->handleRequest(NULL, Object(Config\Cache), false)
#8 /Users/mohammadsulthan/Projects/certismedia-api/public/index.php(50): CodeIgniter\CodeIgniter->run()
#9 /Users/mohammadsulthan/Projects/certismedia-api/vendor/codeigniter4/framework/system/Commands/Server/rewrite.php(45): require_once('/Users/mohammad...')
#10 {main}
ERROR - 2021-03-27 11:25:43 --> mysqli_sql_exception: You have an error in your SQL syntax; check the manual that corresponds to your MariaDB server version for the right syntax to use near ':campaign_id' at line 1 in /Users/mohammadsulthan/Projects/certismedia-api/vendor/codeigniter4/framework/system/Database/MySQLi/Connection.php:314
Stack trace:
#0 /Users/mohammadsulthan/Projects/certismedia-api/vendor/codeigniter4/framework/system/Database/MySQLi/Connection.php(314): mysqli->query('SELECT * from d...')
#1 /Users/mohammadsulthan/Projects/certismedia-api/vendor/codeigniter4/framework/system/Database/BaseConnection.php(713): CodeIgniter\Database\MySQLi\Connection->execute('SELECT * from d...')
#2 /Users/mohammadsulthan/Projects/certismedia-api/vendor/codeigniter4/framework/system/Database/BaseConnection.php(641): CodeIgniter\Database\BaseConnection->simpleQuery('SELECT * from d...')
#3 /Users/mohammadsulthan/Projects/certismedia-api/app/Models/Reporting_model.php(25): CodeIgniter\Database\BaseConnection->query('SELECT * from d...')
#4 /Users/mohammadsulthan/Projects/certismedia-api/app/Controllers/Reporting.php(30): App\Models\Reporting_model->getCampaignInformation(':campaign_id')
#5 /Users/mohammadsulthan/Projects/certismedia-api/vendor/codeigniter4/framework/system/CodeIgniter.php(936): App\Controllers\Reporting->getCampaignInformation(':campaign_id')
#6 /Users/mohammadsulthan/Projects/certismedia-api/vendor/codeigniter4/framework/system/CodeIgniter.php(432): CodeIgniter\CodeIgniter->runController(Object(App\Controllers\Reporting))
#7 /Users/mohammadsulthan/Projects/certismedia-api/vendor/codeigniter4/framework/system/CodeIgniter.php(333): CodeIgniter\CodeIgniter->handleRequest(NULL, Object(Config\Cache), false)
#8 /Users/mohammadsulthan/Projects/certismedia-api/public/index.php(50): CodeIgniter\CodeIgniter->run()
#9 /Users/mohammadsulthan/Projects/certismedia-api/vendor/codeigniter4/framework/system/Commands/Server/rewrite.php(45): require_once('/Users/mohammad...')
#10 {main}
ERROR - 2021-03-27 11:25:43 --> mysqli_sql_exception: You have an error in your SQL syntax; check the manual that corresponds to your MariaDB server version for the right syntax to use near ':campaign_id GROUP BY exchange_name' at line 1 in /Users/mohammadsulthan/Projects/certismedia-api/vendor/codeigniter4/framework/system/Database/MySQLi/Connection.php:314
Stack trace:
#0 /Users/mohammadsulthan/Projects/certismedia-api/vendor/codeigniter4/framework/system/Database/MySQLi/Connection.php(314): mysqli->query('SELECT exchange...')
#1 /Users/mohammadsulthan/Projects/certismedia-api/vendor/codeigniter4/framework/system/Database/BaseConnection.php(713): CodeIgniter\Database\MySQLi\Connection->execute('SELECT exchange...')
#2 /Users/mohammadsulthan/Projects/certismedia-api/vendor/codeigniter4/framework/system/Database/BaseConnection.php(641): CodeIgniter\Database\BaseConnection->simpleQuery('SELECT exchange...')
#3 /Users/mohammadsulthan/Projects/certismedia-api/app/Models/Reporting_model.php(31): CodeIgniter\Database\BaseConnection->query('SELECT exchange...')
#4 /Users/mohammadsulthan/Projects/certismedia-api/app/Controllers/Reporting.php(31): App\Models\Reporting_model->getExchangeName(':campaign_id')
#5 /Users/mohammadsulthan/Projects/certismedia-api/vendor/codeigniter4/framework/system/CodeIgniter.php(936): App\Controllers\Reporting->getCampaignInformation(':campaign_id')
#6 /Users/mohammadsulthan/Projects/certismedia-api/vendor/codeigniter4/framework/system/CodeIgniter.php(432): CodeIgniter\CodeIgniter->runController(Object(App\Controllers\Reporting))
#7 /Users/mohammadsulthan/Projects/certismedia-api/vendor/codeigniter4/framework/system/CodeIgniter.php(333): CodeIgniter\CodeIgniter->handleRequest(NULL, Object(Config\Cache), false)
#8 /Users/mohammadsulthan/Projects/certismedia-api/public/index.php(50): CodeIgniter\CodeIgniter->run()
#9 /Users/mohammadsulthan/Projects/certismedia-api/vendor/codeigniter4/framework/system/Commands/Server/rewrite.php(45): require_once('/Users/mohammad...')
#10 {main}
ERROR - 2021-03-27 11:25:43 --> mysqli_sql_exception: You have an error in your SQL syntax; check the manual that corresponds to your MariaDB server version for the right syntax to use near ':campaign_id GROUP BY creative_size' at line 1 in /Users/mohammadsulthan/Projects/certismedia-api/vendor/codeigniter4/framework/system/Database/MySQLi/Connection.php:314
Stack trace:
#0 /Users/mohammadsulthan/Projects/certismedia-api/vendor/codeigniter4/framework/system/Database/MySQLi/Connection.php(314): mysqli->query('SELECT creative...')
#1 /Users/mohammadsulthan/Projects/certismedia-api/vendor/codeigniter4/framework/system/Database/BaseConnection.php(713): CodeIgniter\Database\MySQLi\Connection->execute('SELECT creative...')
#2 /Users/mohammadsulthan/Projects/certismedia-api/vendor/codeigniter4/framework/system/Database/BaseConnection.php(641): CodeIgniter\Database\BaseConnection->simpleQuery('SELECT creative...')
#3 /Users/mohammadsulthan/Projects/certismedia-api/app/Models/Reporting_model.php(37): CodeIgniter\Database\BaseConnection->query('SELECT creative...')
#4 /Users/mohammadsulthan/Projects/certismedia-api/app/Controllers/Reporting.php(32): App\Models\Reporting_model->getAdSize(':campaign_id')
#5 /Users/mohammadsulthan/Projects/certismedia-api/vendor/codeigniter4/framework/system/CodeIgniter.php(936): App\Controllers\Reporting->getCampaignInformation(':campaign_id')
#6 /Users/mohammadsulthan/Projects/certismedia-api/vendor/codeigniter4/framework/system/CodeIgniter.php(432): CodeIgniter\CodeIgniter->runController(Object(App\Controllers\Reporting))
#7 /Users/mohammadsulthan/Projects/certismedia-api/vendor/codeigniter4/framework/system/CodeIgniter.php(333): CodeIgniter\CodeIgniter->handleRequest(NULL, Object(Config\Cache), false)
#8 /Users/mohammadsulthan/Projects/certismedia-api/public/index.php(50): CodeIgniter\CodeIgniter->run()
#9 /Users/mohammadsulthan/Projects/certismedia-api/vendor/codeigniter4/framework/system/Commands/Server/rewrite.php(45): require_once('/Users/mohammad...')
#10 {main}
ERROR - 2021-03-27 13:17:46 --> mysqli_sql_exception: Column 'email' cannot be null in /Users/mohammadsulthan/Projects/certismedia-api/vendor/codeigniter4/framework/system/Database/MySQLi/Connection.php:314
Stack trace:
#0 /Users/mohammadsulthan/Projects/certismedia-api/vendor/codeigniter4/framework/system/Database/MySQLi/Connection.php(314): mysqli->query('INSERT INTO `us...')
#1 /Users/mohammadsulthan/Projects/certismedia-api/vendor/codeigniter4/framework/system/Database/BaseConnection.php(713): CodeIgniter\Database\MySQLi\Connection->execute('INSERT INTO `us...')
#2 /Users/mohammadsulthan/Projects/certismedia-api/vendor/codeigniter4/framework/system/Database/BaseConnection.php(641): CodeIgniter\Database\BaseConnection->simpleQuery('INSERT INTO `us...')
#3 /Users/mohammadsulthan/Projects/certismedia-api/vendor/codeigniter4/framework/system/Database/BaseBuilder.php(2263): CodeIgniter\Database\BaseConnection->query('INSERT INTO `us...', Array, false)
#4 /Users/mohammadsulthan/Projects/certismedia-api/vendor/codeigniter4/framework/system/Model.php(278): CodeIgniter\Database\BaseBuilder->insert()
#5 /Users/mohammadsulthan/Projects/certismedia-api/vendor/codeigniter4/framework/system/BaseModel.php(758): CodeIgniter\Model->doInsert(Array)
#6 /Users/mohammadsulthan/Projects/certismedia-api/vendor/codeigniter4/framework/system/Model.php(705): CodeIgniter\BaseModel->insert(Array, true)
#7 /Users/mohammadsulthan/Projects/certismedia-api/app/Controllers/Authentication.php(62): CodeIgniter\Model->insert(Array)
#8 /Users/mohammadsulthan/Projects/certismedia-api/vendor/codeigniter4/framework/system/CodeIgniter.php(936): App\Controllers\Authentication->register()
#9 /Users/mohammadsulthan/Projects/certismedia-api/vendor/codeigniter4/framework/system/CodeIgniter.php(432): CodeIgniter\CodeIgniter->runController(Object(App\Controllers\Authentication))
#10 /Users/mohammadsulthan/Projects/certismedia-api/vendor/codeigniter4/framework/system/CodeIgniter.php(333): CodeIgniter\CodeIgniter->handleRequest(NULL, Object(Config\Cache), false)
#11 /Users/mohammadsulthan/Projects/certismedia-api/public/index.php(50): CodeIgniter\CodeIgniter->run()
#12 /Users/mohammadsulthan/Projects/certismedia-api/vendor/codeigniter4/framework/system/Commands/Server/rewrite.php(45): require_once('/Users/mohammad...')
#13 {main}
ERROR - 2021-03-27 13:18:15 --> mysqli_sql_exception: Column 'email' cannot be null in /Users/mohammadsulthan/Projects/certismedia-api/vendor/codeigniter4/framework/system/Database/MySQLi/Connection.php:314
Stack trace:
#0 /Users/mohammadsulthan/Projects/certismedia-api/vendor/codeigniter4/framework/system/Database/MySQLi/Connection.php(314): mysqli->query('INSERT INTO `us...')
#1 /Users/mohammadsulthan/Projects/certismedia-api/vendor/codeigniter4/framework/system/Database/BaseConnection.php(713): CodeIgniter\Database\MySQLi\Connection->execute('INSERT INTO `us...')
#2 /Users/mohammadsulthan/Projects/certismedia-api/vendor/codeigniter4/framework/system/Database/BaseConnection.php(641): CodeIgniter\Database\BaseConnection->simpleQuery('INSERT INTO `us...')
#3 /Users/mohammadsulthan/Projects/certismedia-api/vendor/codeigniter4/framework/system/Database/BaseBuilder.php(2263): CodeIgniter\Database\BaseConnection->query('INSERT INTO `us...', Array, false)
#4 /Users/mohammadsulthan/Projects/certismedia-api/vendor/codeigniter4/framework/system/Model.php(278): CodeIgniter\Database\BaseBuilder->insert()
#5 /Users/mohammadsulthan/Projects/certismedia-api/vendor/codeigniter4/framework/system/BaseModel.php(758): CodeIgniter\Model->doInsert(Array)
#6 /Users/mohammadsulthan/Projects/certismedia-api/vendor/codeigniter4/framework/system/Model.php(705): CodeIgniter\BaseModel->insert(Array, true)
#7 /Users/mohammadsulthan/Projects/certismedia-api/app/Controllers/Authentication.php(63): CodeIgniter\Model->insert(Array)
#8 /Users/mohammadsulthan/Projects/certismedia-api/vendor/codeigniter4/framework/system/CodeIgniter.php(936): App\Controllers\Authentication->register()
#9 /Users/mohammadsulthan/Projects/certismedia-api/vendor/codeigniter4/framework/system/CodeIgniter.php(432): CodeIgniter\CodeIgniter->runController(Object(App\Controllers\Authentication))
#10 /Users/mohammadsulthan/Projects/certismedia-api/vendor/codeigniter4/framework/system/CodeIgniter.php(333): CodeIgniter\CodeIgniter->handleRequest(NULL, Object(Config\Cache), false)
#11 /Users/mohammadsulthan/Projects/certismedia-api/public/index.php(50): CodeIgniter\CodeIgniter->run()
#12 /Users/mohammadsulthan/Projects/certismedia-api/vendor/codeigniter4/framework/system/Commands/Server/rewrite.php(45): require_once('/Users/mohammad...')
#13 {main}
ERROR - 2021-03-27 13:21:48 --> mysqli_sql_exception: Column 'email' cannot be null in /Users/mohammadsulthan/Projects/certismedia-api/vendor/codeigniter4/framework/system/Database/MySQLi/Connection.php:314
Stack trace:
#0 /Users/mohammadsulthan/Projects/certismedia-api/vendor/codeigniter4/framework/system/Database/MySQLi/Connection.php(314): mysqli->query('INSERT INTO `us...')
#1 /Users/mohammadsulthan/Projects/certismedia-api/vendor/codeigniter4/framework/system/Database/BaseConnection.php(713): CodeIgniter\Database\MySQLi\Connection->execute('INSERT INTO `us...')
#2 /Users/mohammadsulthan/Projects/certismedia-api/vendor/codeigniter4/framework/system/Database/BaseConnection.php(641): CodeIgniter\Database\BaseConnection->simpleQuery('INSERT INTO `us...')
#3 /Users/mohammadsulthan/Projects/certismedia-api/vendor/codeigniter4/framework/system/Database/BaseBuilder.php(2263): CodeIgniter\Database\BaseConnection->query('INSERT INTO `us...', Array, false)
#4 /Users/mohammadsulthan/Projects/certismedia-api/vendor/codeigniter4/framework/system/Model.php(278): CodeIgniter\Database\BaseBuilder->insert()
#5 /Users/mohammadsulthan/Projects/certismedia-api/vendor/codeigniter4/framework/system/BaseModel.php(758): CodeIgniter\Model->doInsert(Array)
#6 /Users/mohammadsulthan/Projects/certismedia-api/vendor/codeigniter4/framework/system/Model.php(705): CodeIgniter\BaseModel->insert(Array, true)
#7 /Users/mohammadsulthan/Projects/certismedia-api/app/Controllers/Authentication.php(63): CodeIgniter\Model->insert(Array)
#8 /Users/mohammadsulthan/Projects/certismedia-api/vendor/codeigniter4/framework/system/CodeIgniter.php(936): App\Controllers\Authentication->register()
#9 /Users/mohammadsulthan/Projects/certismedia-api/vendor/codeigniter4/framework/system/CodeIgniter.php(432): CodeIgniter\CodeIgniter->runController(Object(App\Controllers\Authentication))
#10 /Users/mohammadsulthan/Projects/certismedia-api/vendor/codeigniter4/framework/system/CodeIgniter.php(333): CodeIgniter\CodeIgniter->handleRequest(NULL, Object(Config\Cache), false)
#11 /Users/mohammadsulthan/Projects/certismedia-api/public/index.php(50): CodeIgniter\CodeIgniter->run()
#12 /Users/mohammadsulthan/Projects/certismedia-api/vendor/codeigniter4/framework/system/Commands/Server/rewrite.php(45): require_once('/Users/mohammad...')
#13 {main}
ERROR - 2021-03-27 13:22:05 --> mysqli_sql_exception: Column 'email' cannot be null in /Users/mohammadsulthan/Projects/certismedia-api/vendor/codeigniter4/framework/system/Database/MySQLi/Connection.php:314
Stack trace:
#0 /Users/mohammadsulthan/Projects/certismedia-api/vendor/codeigniter4/framework/system/Database/MySQLi/Connection.php(314): mysqli->query('INSERT INTO `us...')
#1 /Users/mohammadsulthan/Projects/certismedia-api/vendor/codeigniter4/framework/system/Database/BaseConnection.php(713): CodeIgniter\Database\MySQLi\Connection->execute('INSERT INTO `us...')
#2 /Users/mohammadsulthan/Projects/certismedia-api/vendor/codeigniter4/framework/system/Database/BaseConnection.php(641): CodeIgniter\Database\BaseConnection->simpleQuery('INSERT INTO `us...')
#3 /Users/mohammadsulthan/Projects/certismedia-api/vendor/codeigniter4/framework/system/Database/BaseBuilder.php(2263): CodeIgniter\Database\BaseConnection->query('INSERT INTO `us...', Array, false)
#4 /Users/mohammadsulthan/Projects/certismedia-api/vendor/codeigniter4/framework/system/Model.php(278): CodeIgniter\Database\BaseBuilder->insert()
#5 /Users/mohammadsulthan/Projects/certismedia-api/vendor/codeigniter4/framework/system/BaseModel.php(758): CodeIgniter\Model->doInsert(Array)
#6 /Users/mohammadsulthan/Projects/certismedia-api/vendor/codeigniter4/framework/system/Model.php(705): CodeIgniter\BaseModel->insert(Array, true)
#7 /Users/mohammadsulthan/Projects/certismedia-api/app/Controllers/Authentication.php(64): CodeIgniter\Model->insert(Array)
#8 /Users/mohammadsulthan/Projects/certismedia-api/vendor/codeigniter4/framework/system/CodeIgniter.php(936): App\Controllers\Authentication->register()
#9 /Users/mohammadsulthan/Projects/certismedia-api/vendor/codeigniter4/framework/system/CodeIgniter.php(432): CodeIgniter\CodeIgniter->runController(Object(App\Controllers\Authentication))
#10 /Users/mohammadsulthan/Projects/certismedia-api/vendor/codeigniter4/framework/system/CodeIgniter.php(333): CodeIgniter\CodeIgniter->handleRequest(NULL, Object(Config\Cache), false)
#11 /Users/mohammadsulthan/Projects/certismedia-api/public/index.php(50): CodeIgniter\CodeIgniter->run()
#12 /Users/mohammadsulthan/Projects/certismedia-api/vendor/codeigniter4/framework/system/Commands/Server/rewrite.php(45): require_once('/Users/mohammad...')
#13 {main}
