CRITICAL - 2021-03-20 12:44:15 --> Undefined array key "Authorization"
#0 /Users/mohammadsulthan/Projects/certismedia-api/app/Controllers/Reporting.php(19): CodeIgniter\Debug\Exceptions->errorHandler(2, 'Undefined array...', '/Users/mohammad...', 19)
#1 /Users/mohammadsulthan/Projects/certismedia-api/vendor/codeigniter4/framework/system/CodeIgniter.php(936): App\Controllers\Reporting->index()
#2 /Users/mohammadsulthan/Projects/certismedia-api/vendor/codeigniter4/framework/system/CodeIgniter.php(432): CodeIgniter\CodeIgniter->runController(Object(App\Controllers\Reporting))
#3 /Users/mohammadsulthan/Projects/certismedia-api/vendor/codeigniter4/framework/system/CodeIgniter.php(333): CodeIgniter\CodeIgniter->handleRequest(NULL, Object(Config\Cache), false)
#4 /Users/mohammadsulthan/Projects/certismedia-api/public/index.php(50): CodeIgniter\CodeIgniter->run()
#5 /Users/mohammadsulthan/Projects/certismedia-api/vendor/codeigniter4/framework/system/Commands/Server/rewrite.php(45): require_once('/Users/mohammad...')
#6 {main}
CRITICAL - 2021-03-20 12:44:20 --> Undefined array key "Authorization"
#0 /Users/mohammadsulthan/Projects/certismedia-api/app/Controllers/Reporting.php(19): CodeIgniter\Debug\Exceptions->errorHandler(2, 'Undefined array...', '/Users/mohammad...', 19)
#1 /Users/mohammadsulthan/Projects/certismedia-api/vendor/codeigniter4/framework/system/CodeIgniter.php(936): App\Controllers\Reporting->index()
#2 /Users/mohammadsulthan/Projects/certismedia-api/vendor/codeigniter4/framework/system/CodeIgniter.php(432): CodeIgniter\CodeIgniter->runController(Object(App\Controllers\Reporting))
#3 /Users/mohammadsulthan/Projects/certismedia-api/vendor/codeigniter4/framework/system/CodeIgniter.php(333): CodeIgniter\CodeIgniter->handleRequest(NULL, Object(Config\Cache), false)
#4 /Users/mohammadsulthan/Projects/certismedia-api/public/index.php(50): CodeIgniter\CodeIgniter->run()
#5 /Users/mohammadsulthan/Projects/certismedia-api/vendor/codeigniter4/framework/system/Commands/Server/rewrite.php(45): require_once('/Users/mohammad...')
#6 {main}
CRITICAL - 2021-03-20 12:46:06 --> Undefined array key "Authorization"
#0 /Users/mohammadsulthan/Projects/certismedia-api/app/Controllers/Reporting.php(19): CodeIgniter\Debug\Exceptions->errorHandler(2, 'Undefined array...', '/Users/mohammad...', 19)
#1 /Users/mohammadsulthan/Projects/certismedia-api/vendor/codeigniter4/framework/system/CodeIgniter.php(936): App\Controllers\Reporting->index()
#2 /Users/mohammadsulthan/Projects/certismedia-api/vendor/codeigniter4/framework/system/CodeIgniter.php(432): CodeIgniter\CodeIgniter->runController(Object(App\Controllers\Reporting))
#3 /Users/mohammadsulthan/Projects/certismedia-api/vendor/codeigniter4/framework/system/CodeIgniter.php(333): CodeIgniter\CodeIgniter->handleRequest(NULL, Object(Config\Cache), false)
#4 /Users/mohammadsulthan/Projects/certismedia-api/public/index.php(50): CodeIgniter\CodeIgniter->run()
#5 /Users/mohammadsulthan/Projects/certismedia-api/vendor/codeigniter4/framework/system/Commands/Server/rewrite.php(45): require_once('/Users/mohammad...')
#6 {main}
